2.5
  'apprends avec pokemon a la conquete du clavier (france)'
2.4
  'pokemon - white version 2 (usa, europe)'
  'pokemon - black version 2 (usa, europe)'
  'learn with pokemon - typing adventure (europe)'
  'tinker bell and the great fairy rescue (europe) (en,sv,no,da)'
  'pokemon - version blanche 2 (france)'
  'pokemon - version noire 2 (france)'
  'pokemon - schwarze edition 2 (germany)'
  'pokemon - versione bianca 2 (italy)'
  'pokemon - edicion negra 2 (spain)'
  'pokemon - edicion blanca 2 (spain)'
  'pokemon - versione nera 2 (italy)'
  'pokemon - weisse edition 2 (germany)'
  'akumajou dracula - gallery of labyrinth (japan) (rev 1)'
  'youda legend - the golden bird of paradise'
  'maru goukaku - shikaku dasshu! special shakai fukushishi shiken'
  'moxie girlz'
  'pokemon conquest (europe)'
  'cars 2 (europe)'
  'harvest moon - the tale of two towns (europe)'
  'pocket monsters - white 2 (japan)'
  'pocket monsters - black 2 (japan)'
  'murder on the titanic'
  'pokemon conquest (usa, australia)'
  'inazuma eleven 2 - feuersturm (germany)'
  'inazuma eleven 2 - eissturm (germany)'
  'moyeora! kirby (korea)'
  'detective conan - kakokara no zensou kyoku (japan)'
  'super scribblenauts (europe) (en,sv,no,da,fi)'
  'inazuma eleven 2 - tempesta di fuoco (italy)'
  'inazuma eleven 2 - tormenta de fuego (spain)'
  'new horizon - english course 1 (japan)'
  'new horizon - english course 2 (japan)'
  'new horizon - english course 3 (japan)'
  'pokemon plus - nobunaga no yabou (japan)'
  'inazuma eleven 2 - tempete de glace (france)'
  'inazuma eleven 2 - tempete de feu (france)'
  'inazuma eleven 2 - blizzard (europe)'
  'inazuma eleven 2 - firestorm (europe)'
  'inazuma eleven 2 - ventisca eterna (spain)'
  'inazuma eleven 2 - bufera di neve (italy)'
  'shin megami tensei - devil survivor 2 (usa)'
  'club penguin - elite penguin force (germany)'
  'jeongukmin model audition superstar ds (korea)'
  'live-on card live-r ds (korea)'
  'metal beyblade 2 - big bang bladers (korea)'
  'yu-gi-oh 5d's world championship 2011 - over the nexus (korea)'
  'professor layton and the spectre's call (europe)'
  'mario & luigi rpg 3 - kupa momsok daemoheom (korea)'
  'rpg tkool ds+ (japan)'
  'shin noukyou iku'
  'cars 2 (japan)'
  'korg ds-10+ synthesizer (japan)'
  'toy story 3 (japan)'
  'gokujou mecha mote iinchou mm my best friend (japan)'
  '5-kyuu kara 1-kyuu kanzen taiou saikin kako mondai - nijishiken taisaku - eiken kanzenban (japan)'
  'yamakawa shuppansha kanshuu - shousetsu nihonshi b - shin sougou training plus (japan)'
  'yamakawa shuppansha kanshuu - shousetsu sekaishi b - shin sougou training plus (japan)'
  'crafting mama (japan)'
  'fab style (japan)'
  'kaibou seirigaku ds - touch de hirogaru! jintai no kouzou to kinou (japan) (rev 2)'
  'shoukou shindan training ds (japan)'
  'suisui physical assessment training ds (japan)'
  'bakuman mangaka e no michi (japan)'
  'kaizoku sentai gokaiger atsumete henshin! 35 sentai! (japan)'
  'ore-sama kingdom koi no manga mo debut o mokushise (japan)'
  'kuma no pooh-san 100 acre no mori no cooking book (japan)'
  'byoutai seiri ds - image dekiru! shikkan, shoujou to care (japan)'
  'maplestory ds (japan)'
  'beyblade - metal masters'
  'tamagotchi collection'
  'professeur layton et l'appel du spectre'
  'professor layton und der ruf des phantoms'
  'il professor layton e il richiamo dello spettro'
  'professor layton en de melodie van het spook'
  'cooking mama world - outdoor adventures'
  'el profesor layton y la llamada del espectro'
  'one piece gigant battle 2 - shin sekai (japan)'
  'phineas and ferb - 2 disney games (europe)'
  'fossil fighters champions (usa)'
  'petz fantasy - moonlight magic (usa)'
  'petz fantasy - sunshine magic (usa)'
  'power pro kun pocket 14 (japan)'
  'power rangers - samurai'
  'smurfs, the (europe) (en,fr)'
  'call of duty - black ops (europe) (es,it)'
  'beyblade - metal masters - nightmare rex (europe) (en,fr,de,es,it)'
  'usavich - game no jikan (japan)'
  'metal max 2 - reloaded (japan)'
  'tinker bell + tinker bell and the lost treasure (europe) (en,fr,de,es,it,nl)'

